In file included from src/pin/../client/client.h:4,
                 from src/pin/pin-manager.cpp:2:
src/pin/../client/../restmcu.h:11: attention : seules les variables initialisées peuvent être placées dans la zone mémoire du programme
src/pin/../client/../restmcu.h:12: attention : seules les variables initialisées peuvent être placées dans la zone mémoire du programme
In file included from src/pin/../client/client.h:6,
                 from src/pin/pin-manager.cpp:2:
src/pin/../client/../util/buffer.h:12: attention : seules les variables initialisées peuvent être placées dans la zone mémoire du programme
src/pin/../client/../util/buffer.h:13: attention : seules les variables initialisées peuvent être placées dans la zone mémoire du programme
In file included from src/pin/../client/client.h:7,
                 from src/pin/pin-manager.cpp:2:
src/pin/../client/../settings/settings.h:15: attention : seules les variables initialisées peuvent être placées dans la zone mémoire du programme
src/pin/../client/../settings/settings.h:17: attention : seules les variables initialisées peuvent être placées dans la zone mémoire du programme
src/pin/../client/../settings/settings.h:18: attention : seules les variables initialisées peuvent être placées dans la zone mémoire du programme
src/pin/../client/../settings/settings.h:19: attention : seules les variables initialisées peuvent être placées dans la zone mémoire du programme
src/pin/../client/../settings/settings.h:20: attention : seules les variables initialisées peuvent être placées dans la zone mémoire du programme
src/pin/../client/../settings/settings.h:21: attention : seules les variables initialisées peuvent être placées dans la zone mémoire du programme
src/pin/../client/../settings/settings.h:22: attention : seules les variables initialisées peuvent être placées dans la zone mémoire du programme
src/pin/../client/../settings/settings.h:23: attention : seules les variables initialisées peuvent être placées dans la zone mémoire du programme
src/pin/../client/../settings/settings.h:24: attention : seules les variables initialisées peuvent être placées dans la zone mémoire du programme
src/pin/../client/../settings/settings.h:25: attention : seules les variables initialisées peuvent être placées dans la zone mémoire du programme
src/pin/../client/../settings/settings.h:26: attention : seules les variables initialisées peuvent être placées dans la zone mémoire du programme
src/pin/../client/../settings/settings.h:27: attention : seules les variables initialisées peuvent être placées dans la zone mémoire du programme
src/pin/../client/../settings/settings.h:28: attention : seules les variables initialisées peuvent être placées dans la zone mémoire du programme
src/pin/../client/../settings/settings.h:34: attention : seules les variables initialisées peuvent être placées dans la zone mémoire du programme
src/pin/../client/../settings/settings.h:35: attention : seules les variables initialisées peuvent être placées dans la zone mémoire du programme
src/pin/../client/../settings/settings.h:36: attention : seules les variables initialisées peuvent être placées dans la zone mémoire du programme
src/pin/../client/../settings/settings.h:37: attention : seules les variables initialisées peuvent être placées dans la zone mémoire du programme
src/pin/../client/../settings/settings.h:38: attention : seules les variables initialisées peuvent être placées dans la zone mémoire du programme
src/pin/../client/../settings/settings.h:39: attention : seules les variables initialisées peuvent être placées dans la zone mémoire du programme
src/pin/../client/../settings/settings.h:40: attention : seules les variables initialisées peuvent être placées dans la zone mémoire du programme
In file included from src/pin/../settings/settings-pin.h:7,
                 from src/pin/pin-manager.cpp:4:
src/pin/../settings/settings-board.h:14: attention : seules les variables initialisées peuvent être placées dans la zone mémoire du programme
src/pin/../settings/settings-board.h:16: attention : seules les variables initialisées peuvent être placées dans la zone mémoire du programme
src/pin/../settings/settings-board.h:17: attention : seules les variables initialisées peuvent être placées dans la zone mémoire du programme
src/pin/../settings/settings-board.h:18: attention : seules les variables initialisées peuvent être placées dans la zone mémoire du programme
src/pin/pin-manager.cpp: In function ‘const prog_char* setPinValue(uint8_t, float)’:
src/pin/pin-manager.cpp:23: attention : comparaison entre des expressions entières signée et non signée
src/pin/pin-manager.cpp:24: attention : seules les variables initialisées peuvent être placées dans la zone mémoire du programme
src/pin/pin-manager.cpp: In function ‘void pinInit()’:
src/pin/pin-manager.cpp:78: attention : unused variable ‘val’
